<?xml version="1.0" encoding="UTF-8"?>
<!-- Generated by org.testng.reporters.JUnitReportReporter -->
<testsuite skipped="0" hostname="OLDN92257" name="de.chat2u.junit.MessageBuilderTest" tests="2" failures="0" timestamp="22 Nov 2016 07:58:29 GMT" time="0.094" errors="0">
  <testcase name="buildsTextmessage" time="0.046" classname="de.chat2u.junit.MessageBuilderTest"/>
  <testcase name="buildsExceptionMessage" time="0.048" classname="de.chat2u.junit.MessageBuilderTest"/>
</testsuite> <!-- de.chat2u.junit.MessageBuilderTest -->
