<?xml version="1.0" encoding="UTF-8"?>
<!-- Generated by org.testng.reporters.JUnitReportReporter -->
<testsuite skipped="0" hostname="OLDN92257" name="de.chat2u.junit.MessageBuilderTest" tests="2" failures="0" timestamp="24 Nov 2016 07:28:20 GMT" time="0.075" errors="0">
  <testcase name="buildsTextmessage" time="0.038" classname="de.chat2u.junit.MessageBuilderTest"/>
  <testcase name="buildsExceptionMessage" time="0.037" classname="de.chat2u.junit.MessageBuilderTest"/>
</testsuite> <!-- de.chat2u.junit.MessageBuilderTest -->
