<?xml version="1.0" encoding="UTF-8"?>
<!-- Generated by org.testng.reporters.JUnitReportReporter -->
<testsuite skipped="0" hostname="OLDN92257" name="de.chat2u.junit.TokenGeneratorTest" tests="3" failures="0" timestamp="22 Nov 2016 07:58:29 GMT" time="0.013" errors="0">
  <testcase name="generatesTokenWithAdminPrivileges" time="0.005" classname="de.chat2u.junit.TokenGeneratorTest"/>
  <testcase name="generatesTokenWithModeratorPrivileges" time="0.004" classname="de.chat2u.junit.TokenGeneratorTest"/>
  <testcase name="generatesTokenWith32Chars" time="0.004" classname="de.chat2u.junit.TokenGeneratorTest"/>
</testsuite> <!-- de.chat2u.junit.TokenGeneratorTest -->
